<?xml version="1.0" encoding="UTF-8" ?>
<testsuite tests="1" failures="0" name="me.arungupta.AppTest" time="0.012" errors="0" skipped="0">
  <properties>
    <property name="java.runtime.name" value="OpenJDK Runtime Environment"/>
    <property name="java.vm.version" value="11.0.2+9"/>
    <property name="sun.boot.library.path" value="C:\Program Files (x86)\Java\jdk-11.0.2\bin"/>
    <property name="maven.multiModuleProjectDirectory" value="C:\Anuj\Coursera\LinkedIn_Learning\docker\docker-for-java\chapter2"/>
    <property name="java.vm.vendor" value="Oracle Corporation"/>
    <property name="java.vendor.url" value="http://java.oracle.com/"/>
    <property name="guice.disable.misplaced.annotation.check" value="true"/>
    <property name="path.separator" value=";"/>
    <property name="java.vm.name" value="OpenJDK 64-Bit Server VM"/>
    <property name="sun.os.patch.level" value=""/>
    <property name="user.script" value=""/>
    <property name="user.country" value="US"/>
    <property name="sun.java.launcher" value="SUN_STANDARD"/>
    <property name="java.vm.specification.name" value="Java Virtual Machine Specification"/>
    <property name="user.dir" value="C:\Anuj\Coursera\LinkedIn_Learning\docker\docker-for-java\chapter2"/>
    <property name="java.vm.compressedOopsMode" value="Zero based"/>
    <property name="java.runtime.version" value="11.0.2+9"/>
    <property name="java.awt.graphicsenv" value="sun.awt.Win32GraphicsEnvironment"/>
    <property name="os.arch" value="amd64"/>
    <property name="java.io.tmpdir" value="C:\Users\ANUJ~1.PAR\AppData\Local\Temp\"/>
    <property name="line.separator" value="
"/>
    <property name="java.vm.specification.vendor" value="Oracle Corporation"/>
    <property name="user.variant" value=""/>
    <property name="os.name" value="Windows 10"/>
    <property name="classworlds.conf" value="C:\Installations\apache-maven-3.6.1\bin\..\bin\m2.conf"/>
    <property name="sun.jnu.encoding" value="Cp1252"/>
    <property name="java.library.path" value="C:\Program Files (x86)\Java\jdk-11.0.2\bin;C:\Windows\Sun\Java\bin;C:\Windows\system32;C:\Windows;C:\Windows\system32;C:\Windows;C:\Windows\System32\Wbem;C:\Windows\System32\WindowsPowerShell\v1.0\;C:\Windows\System32\OpenSSH\;C:\Program Files (x86)\Interactive Intelligence\ININ Trace Initialization\;C:\Program Files (x86)\Interactive Intelligence\ICUserApps\;C:\Program Files\Interactive Intelligence\ICUserApps\;C:\Program Files\Interactive Intelligence\;C:\Program Files (x86)\WebEx\Productivity Tools;C:\Program Files (x86)\Webex\Webex\Applications;C:\Program Files\Git\cmd;C:\Program Files\PuTTY\;C:\Installations\apache-maven-3.6.1\bin;C:\PROGRA~1\IBM\IBMDAT~1\BIN;C:\Program Files (x86)\PuTTY\;C:\Program Files (x86)\Java\jdk-11.0.2;C:\Program Files (x86)\Common Files\Oracle\Java\javapath;C:\Users\anuj.parmar\AppData\Local\Android\sdk\tools;C:\Anuj\gradle-6.1.1\bin;C:\\Users\\anuj.parmar\\AppData\\Local\\Programs\\Python\\Python38-32;C:\Program Files (x86)\Microsoft SQL Server\150\DTS\Binn\;C:\Program Files\TortoiseSVN\bin;C:\Program Files\nodejs\;C:\Users\anuj.parmar\AppData\Local\Programs\Python\Python38-32\Scripts;C:\Users\anuj.parmar\AppData\Local\Programs\Python\Python38-32\Lib\site-packages\graphviz;C:\Users\anuj.parmar\AppData\Local\Programs\Python\Python38-32\Lib\graphviz-2.38\release\bin;C:\Anuj\Coursera\udemy\Apache_Kafka\confluent-5.5.1;;C:\Program Files\Docker\Docker\resources\bin;C:\ProgramData\DockerDesktop\version-bin;C:\Windows\system32;C:\Windows;C:\Windows\System32\Wbem;C:\Windows\System32\WindowsPowerShell\v1.0\;C:\Windows\System32\OpenSSH\;C:\Program Files (x86)\Interactive Intelligence\ININ Trace Initialization\;C:\Program Files (x86)\Interactive Intelligence\ICUserApps\;C:\Program Files\Interactive Intelligence\ICUserApps\;C:\Program Files\Interactive Intelligence\;C:\Program Files (x86)\WebEx\Productivity Tools;C:\Program Files (x86)\Webex\Webex\Applications;C:\Program Files\Git\cmd;C:\Program Files\PuTTY\;C:\Installations\apache-maven-3.6.1\bin;C:\PROGRA~1\IBM\IBMDAT~1\BIN;C:\Program Files (x86)\PuTTY\;C:\Program Files (x86)\Java\jdk-11.0.2;C:\Program Files (x86)\Common Files\Oracle\Java\javapath;C:\Users\anuj.parmar\AppData\Local\Android\sdk\tools;C:\Anuj\gradle-6.1.1\bin;C:\\Users\\anuj.parmar\\AppData\\Local\\Programs\\Python\\Python38-32;C:\Program Files (x86)\Microsoft SQL Server\150\DTS\Binn\;C:\Program Files\TortoiseSVN\bin;C:\Program Files\nodejs\;C:\Users\anuj.parmar\AppData\Local\Programs\Python\Python38-32\Scripts;C:\Users\anuj.parmar\AppData\Local\Programs\Python\Python38-32\Lib\site-packages\graphviz;C:\Users\anuj.parmar\AppData\Local\Programs\Python\Python38-32\Lib\graphviz-2.38\release\bin;C:\Anuj\Coursera\udemy\Apache_Kafka\confluent-5.5.1;;C:\Program Files\Docker\Docker\resources\bin;C:\ProgramData\DockerDesktop\version-bin;C:\Users\anuj.parmar\AppData\Local\Programs\Microsoft VS Code\bin;C:\Users\anuj.parmar\AppData\Roaming\npm;."/>
    <property name="maven.conf" value="C:\Installations\apache-maven-3.6.1\bin\../conf"/>
    <property name="jdk.debug" value="release"/>
    <property name="java.class.version" value="55.0"/>
    <property name="java.specification.name" value="Java Platform API Specification"/>
    <property name="sun.management.compiler" value="HotSpot 64-Bit Tiered Compilers"/>
    <property name="os.version" value="10.0"/>
    <property name="library.jansi.path" value="C:\Installations\apache-maven-3.6.1\bin\..\lib\jansi-native"/>
    <property name="user.home" value="C:\Users\anuj.parmar"/>
    <property name="user.timezone" value="Asia/Calcutta"/>
    <property name="java.awt.printerjob" value="sun.awt.windows.WPrinterJob"/>
    <property name="file.encoding" value="Cp1252"/>
    <property name="java.specification.version" value="11"/>
    <property name="user.name" value="Anuj.Parmar"/>
    <property name="java.class.path" value="C:\Installations\apache-maven-3.6.1\bin\..\boot\plexus-classworlds-2.6.0.jar"/>
    <property name="java.vm.specification.version" value="11"/>
    <property name="sun.arch.data.model" value="64"/>
    <property name="sun.java.command" value="org.codehaus.plexus.classworlds.launcher.Launcher -f myapp/pom.xml clean package"/>
    <property name="java.home" value="C:\Program Files (x86)\Java\jdk-11.0.2"/>
    <property name="user.language" value="en"/>
    <property name="java.specification.vendor" value="Oracle Corporation"/>
    <property name="awt.toolkit" value="sun.awt.windows.WToolkit"/>
    <property name="java.vm.info" value="mixed mode"/>
    <property name="java.version" value="11.0.2"/>
    <property name="java.vendor" value="Oracle Corporation"/>
    <property name="sun.stderr.encoding" value="cp437"/>
    <property name="maven.home" value="C:\Installations\apache-maven-3.6.1\bin\.."/>
    <property name="file.separator" value="\"/>
    <property name="java.version.date" value="2019-01-15"/>
    <property name="java.vendor.url.bug" value="http://bugreport.java.com/bugreport/"/>
    <property name="sun.io.unicode.encoding" value="UnicodeLittle"/>
    <property name="sun.cpu.endian" value="little"/>
    <property name="java.vendor.version" value="18.9"/>
    <property name="sun.stdout.encoding" value="cp437"/>
    <property name="sun.desktop" value="windows"/>
    <property name="sun.cpu.isalist" value="amd64"/>
  </properties>
  <testcase classname="me.arungupta.AppTest" name="testApp" time="0.012"/>
</testsuite>